0 info it worked if it ends with ok
1 verbose cli [ '/usr/local/bin/node',
1 verbose cli   '/usr/local/bin/npm',
1 verbose cli   'install',
1 verbose cli   'easemob-websdk',
1 verbose cli   '--save' ]
2 info using npm@4.0.3
3 info using node@v4.5.0
4 silly loadCurrentTree Starting
5 silly install loadCurrentTree
6 silly install readLocalPackageData
7 silly fetchPackageMetaData easemob-websdk
8 silly fetchNamedPackageData easemob-websdk
9 silly mapToRegistry name easemob-websdk
10 silly mapToRegistry using default registry
11 silly mapToRegistry registry https://registry.npm.taobao.org/
12 silly mapToRegistry data Result {
12 silly mapToRegistry   raw: 'easemob-websdk',
12 silly mapToRegistry   scope: null,
12 silly mapToRegistry   escapedName: 'easemob-websdk',
12 silly mapToRegistry   name: 'easemob-websdk',
12 silly mapToRegistry   rawSpec: '',
12 silly mapToRegistry   spec: 'latest',
12 silly mapToRegistry   type: 'tag' }
13 silly mapToRegistry uri https://registry.npm.taobao.org/easemob-websdk
14 verbose request uri https://registry.npm.taobao.org/easemob-websdk
15 verbose request no auth needed
16 info attempt registry request try #1 at 22:20:12
17 verbose request id 742d4e4b25e13b9e
18 verbose etag "6413-ENZ4GGY+gonqaGgFoOueVeC02kI"
19 http request GET https://registry.npm.taobao.org/easemob-websdk
20 http 200 https://registry.npm.taobao.org/easemob-websdk
21 verbose headers { date: 'Wed, 14 Jun 2017 14:20:14 GMT',
21 verbose headers   'content-type': 'application/json; charset=utf-8',
21 verbose headers   'content-length': '29670',
21 verbose headers   connection: 'keep-alive',
21 verbose headers   'x-current-requests': '1',
21 verbose headers   etag: '"73e6-6a6g7J2sTPoTGLi953ZaletNTRk"',
21 verbose headers   'x-readtime': '18' }
22 silly get cb [ 200,
22 silly get   { date: 'Wed, 14 Jun 2017 14:20:14 GMT',
22 silly get     'content-type': 'application/json; charset=utf-8',
22 silly get     'content-length': '29670',
22 silly get     connection: 'keep-alive',
22 silly get     'x-current-requests': '1',
22 silly get     etag: '"73e6-6a6g7J2sTPoTGLi953ZaletNTRk"',
22 silly get     'x-readtime': '18' } ]
23 verbose get saving easemob-websdk to /Users/wenke/.npm/registry.npm.taobao.org/easemob-websdk/.cache.json
24 verbose correctMkdir /Users/wenke/.npm correctMkdir not in flight; initializing
25 silly install normalizeTree
26 silly loadCurrentTree Finishing
27 silly loadIdealTree Starting
28 silly install loadIdealTree
29 silly cloneCurrentTree Starting
30 silly install cloneCurrentTreeToIdealTree
31 silly cloneCurrentTree Finishing
32 silly loadShrinkwrap Starting
33 silly install loadShrinkwrap
34 silly loadShrinkwrap Finishing
35 silly loadAllDepsIntoIdealTree Starting
36 silly install loadAllDepsIntoIdealTree
37 silly rollbackFailedOptional Starting
38 silly rollbackFailedOptional Finishing
39 silly runTopLevelLifecycles Finishing
40 silly install printInstalled
41 verbose stack Error: Refusing to install package with name "easemob-websdk" under a package
41 verbose stack also called "easemob-websdk". Did you name your project the same
41 verbose stack as the dependency you're installing?
41 verbose stack
41 verbose stack For more information, see:
41 verbose stack     <https://docs.npmjs.com/cli/install#limitations-of-npms-install-algorithm>
41 verbose stack     at checkSelf (/usr/local/lib/node_modules/npm/lib/install/validate-args.js:53:14)
41 verbose stack     at Array.<anonymous> (/usr/local/lib/node_modules/npm/node_modules/slide/lib/bind-actor.js:15:8)
41 verbose stack     at LOOP (/usr/local/lib/node_modules/npm/node_modules/slide/lib/chain.js:15:14)
41 verbose stack     at chain (/usr/local/lib/node_modules/npm/node_modules/slide/lib/chain.js:20:5)
41 verbose stack     at /usr/local/lib/node_modules/npm/lib/install/validate-args.js:16:5
41 verbose stack     at /usr/local/lib/node_modules/npm/node_modules/slide/lib/async-map.js:52:35
41 verbose stack     at Array.forEach (native)
41 verbose stack     at /usr/local/lib/node_modules/npm/node_modules/slide/lib/async-map.js:52:11
41 verbose stack     at Array.forEach (native)
41 verbose stack     at asyncMap (/usr/local/lib/node_modules/npm/node_modules/slide/lib/async-map.js:51:8)
42 verbose cwd /Users/wenke/www/web-im/sdk
43 error Darwin 16.6.0
44 error argv "/usr/local/bin/node" "/usr/local/bin/npm" "install" "easemob-websdk" "--save"
45 error node v4.5.0
46 error npm  v4.0.3
47 error code ENOSELF
48 error Refusing to install package with name "easemob-websdk" under a package
48 error also called "easemob-websdk". Did you name your project the same
48 error as the dependency you're installing?
48 error
48 error For more information, see:
48 error     <https://docs.npmjs.com/cli/install#limitations-of-npms-install-algorithm>
49 error If you need help, you may report this error at:
49 error     <https://github.com/npm/npm/issues>
50 verbose exit [ 1, true ]
